Copyright 1986-2022 Xilinx, Inc. All Rights Reserved. Copyright 2022-2025 Advanced Micro Devices, Inc. All Rights Reserved.
---------------------------------------------------------------------------------------------------------------------------------------------
| Tool Version : Vivado v.2025.2 (lin64) Build 6299465 Fri Nov 14 12:34:56 MST 2025
| Date         : Fri Apr 17 13:02:18 2026
| Host         : ryanslinux running 64-bit CachyOS
| Command      : report_timing_summary -max_paths 2 -report_unconstrained -file timing.rpt -warn_on_violation
| Design       : bringup_top
| Device       : 7a35t-cpg236
| Speed File   : -1  PRODUCTION 1.23 2018-06-13
| Design State : Routed
---------------------------------------------------------------------------------------------------------------------------------------------

Timing Summary Report

------------------------------------------------------------------------------------------------
| Timer Settings
| --------------
------------------------------------------------------------------------------------------------

  Enable Multi Corner Analysis               :  Yes
  Enable Pessimism Removal                   :  Yes
  Pessimism Removal Resolution               :  Nearest Common Node
  Enable Input Delay Default Clock           :  No
  Enable Preset / Clear Arcs                 :  No
  Disable Flight Delays                      :  No
  Ignore I/O Paths                           :  No
  Timing Early Launch at Borrowing Latches   :  No
  Borrow Time for Max Delay Exceptions       :  Yes
  Merge Timing Exceptions                    :  Yes
  Inter-SLR Compensation                     :  Conservative

  Corner  Analyze    Analyze    
  Name    Max Paths  Min Paths  
  ------  ---------  ---------  
  Slow    Yes        Yes        
  Fast    Yes        Yes        


------------------------------------------------------------------------------------------------
| Report Methodology
| ------------------
------------------------------------------------------------------------------------------------

No report available as report_methodology has not been run prior. Run report_methodology on the current design for the summary of methodology violations.



check_timing report

Table of Contents
-----------------
1. checking no_clock (0)
2. checking constant_clock (0)
3. checking pulse_width_clock (0)
4. checking unconstrained_internal_endpoints (0)
5. checking no_input_delay (0)
6. checking no_output_delay (1)
7. checking multiple_clock (0)
8. checking generated_clocks (0)
9. checking loops (0)
10. checking partial_input_delay (0)
11. checking partial_output_delay (0)
12. checking latch_loops (0)

1. checking no_clock (0)
------------------------
 There are 0 register/latch pins with no clock.


2. checking constant_clock (0)
------------------------------
 There are 0 register/latch pins with constant_clock.


3. checking pulse_width_clock (0)
---------------------------------
 There are 0 register/latch pins which need pulse_width check


4. checking unconstrained_internal_endpoints (0)
------------------------------------------------
 There are 0 pins that are not constrained for maximum delay.

 There are 0 pins that are not constrained for maximum delay due to constant clock.


5. checking no_input_delay (0)
------------------------------
 There are 0 input ports with no input delay specified.

 There are 0 input ports with no input delay but user has a false path constraint.


6. checking no_output_delay (1)
-------------------------------
 There is 1 port with no output delay specified. (HIGH)

 There are 0 ports with no output delay but user has a false path constraint

 There are 0 ports with no output delay but with a timing clock defined on it or propagating through it


7. checking multiple_clock (0)
------------------------------
 There are 0 register/latch pins with multiple clocks.


8. checking generated_clocks (0)
--------------------------------
 There are 0 generated clocks that are not connected to a clock source.


9. checking loops (0)
---------------------
 There are 0 combinational loops in the design.


10. checking partial_input_delay (0)
------------------------------------
 There are 0 input ports with partial input delay specified.


11. checking partial_output_delay (0)
-------------------------------------
 There are 0 ports with partial output delay specified.


12. checking latch_loops (0)
----------------------------
 There are 0 combinational latch loops in the design through latch input



------------------------------------------------------------------------------------------------
| Design Timing Summary
| ---------------------
------------------------------------------------------------------------------------------------

    WNS(ns)      TNS(ns)  TNS Failing Endpoints  TNS Total Endpoints      WHS(ns)      THS(ns)  THS Failing Endpoints  THS Total Endpoints     WPWS(ns)     TPWS(ns)  TPWS Failing Endpoints  TPWS Total Endpoints  
    -------      -------  ---------------------  -------------------      -------      -------  ---------------------  -------------------     --------     --------  ----------------------  --------------------  
      7.210        0.000                      0                   26        0.324        0.000                      0                   26        4.500        0.000                       0                    27  


All user specified timing constraints are met.


------------------------------------------------------------------------------------------------
| Clock Summary
| -------------
------------------------------------------------------------------------------------------------

Clock        Waveform(ns)       Period(ns)      Frequency(MHz)
-----        ------------       ----------      --------------
sys_clk_pin  {0.000 5.000}      10.000          100.000         


------------------------------------------------------------------------------------------------
| Intra Clock Table
| -----------------
------------------------------------------------------------------------------------------------

Clock             WNS(ns)      TNS(ns)  TNS Failing Endpoints  TNS Total Endpoints      WHS(ns)      THS(ns)  THS Failing Endpoints  THS Total Endpoints     WPWS(ns)     TPWS(ns)  TPWS Failing Endpoints  TPWS Total Endpoints  
-----             -------      -------  ---------------------  -------------------      -------      -------  ---------------------  -------------------     --------     --------  ----------------------  --------------------  
sys_clk_pin         7.210        0.000                      0                   26        0.324        0.000                      0                   26        4.500        0.000                       0                    27  


------------------------------------------------------------------------------------------------
| Inter Clock Table
| -----------------
------------------------------------------------------------------------------------------------

From Clock    To Clock          WNS(ns)      TNS(ns)  TNS Failing Endpoints  TNS Total Endpoints      WHS(ns)      THS(ns)  THS Failing Endpoints  THS Total Endpoints  
----------    --------          -------      -------  ---------------------  -------------------      -------      -------  ---------------------  -------------------  


------------------------------------------------------------------------------------------------
| Other Path Groups Table
| -----------------------
------------------------------------------------------------------------------------------------

Path Group    From Clock    To Clock          WNS(ns)      TNS(ns)  TNS Failing Endpoints  TNS Total Endpoints      WHS(ns)      THS(ns)  THS Failing Endpoints  THS Total Endpoints  
----------    ----------    --------          -------      -------  ---------------------  -------------------      -------      -------  ---------------------  -------------------  


------------------------------------------------------------------------------------------------
| User Ignored Path Table
| -----------------------
------------------------------------------------------------------------------------------------

Path Group    From Clock    To Clock    
----------    ----------    --------    


------------------------------------------------------------------------------------------------
| Unconstrained Path Table
| ------------------------
------------------------------------------------------------------------------------------------

Path Group    From Clock    To Clock    
----------    ----------    --------    
(none)                                    
(none)        sys_clk_pin                 


------------------------------------------------------------------------------------------------
| Timing Details
| --------------
------------------------------------------------------------------------------------------------


---------------------------------------------------------------------------------------------------
From Clock:  sys_clk_pin
  To Clock:  sys_clk_pin

Setup :            0  Failing Endpoints,  Worst Slack        7.210ns,  Total Violation        0.000ns
Hold  :            0  Failing Endpoints,  Worst Slack        0.324ns,  Total Violation        0.000ns
PW    :            0  Failing Endpoints,  Worst Slack        4.500ns,  Total Violation        0.000ns
---------------------------------------------------------------------------------------------------


Max Delay Paths
--------------------------------------------------------------------------------------
Slack (MET) :             7.210ns  (required time - arrival time)
  Source:                 blink_counter_reg[1]/C
                            (rising edge-triggered cell FDRE clocked by sys_clk_pin  {rise@0.000ns fall@5.000ns period=10.000ns})
  Destination:            blink_counter_reg[25]/D
                            (rising edge-triggered cell FDRE clocked by sys_clk_pin  {rise@0.000ns fall@5.000ns period=10.000ns})
  Path Group:             sys_clk_pin
  Path Type:              Setup (Max at Slow Process Corner)
  Requirement:            10.000ns  (sys_clk_pin rise@10.000ns - sys_clk_pin rise@0.000ns)
  Data Path Delay:        2.796ns  (logic 2.034ns (72.750%)  route 0.762ns (27.250%))
  Logic Levels:           7  (CARRY4=7)
  Clock Path Skew:        -0.021ns (DCD - SCD + CPR)
    Destination Clock Delay (DCD):    4.859ns = ( 14.859 - 10.000 ) 
    Source Clock Delay      (SCD):    5.154ns
    Clock Pessimism Removal (CPR):    0.274ns
  Clock Uncertainty:      0.035ns  ((TSJ^2 + TIJ^2)^1/2 + DJ) / 2 + PE
    Total System Jitter     (TSJ):    0.071ns
    Total Input Jitter      (TIJ):    0.000ns
    Discrete Jitter          (DJ):    0.000ns
    Phase Error              (PE):    0.000ns

    Location             Delay type                Incr(ns)  Path(ns)    Netlist Resource(s)
  -------------------------------------------------------------------    -------------------
                         (clock sys_clk_pin rise edge)
                                                      0.000     0.000 r  
    W5                                                0.000     0.000 r  clk (IN)
                         net (fo=0)                   0.000     0.000    clk
    W5                   IBUF (Prop_ibuf_I_O)         1.458     1.458 r  clk_IBUF_inst/O
                         net (fo=1, routed)           1.967     3.425    clk_IBUF
    BUFGCTRL_X0Y0        BUFG (Prop_bufg_I_O)         0.096     3.521 r  clk_IBUF_BUFG_inst/O
                         net (fo=26, routed)          1.633     5.154    clk_IBUF_BUFG
    SLICE_X0Y36          FDRE                                         r  blink_counter_reg[1]/C
  -------------------------------------------------------------------    -------------------
    SLICE_X0Y36          FDRE (Prop_fdre_C_Q)         0.456     5.610 r  blink_counter_reg[1]/Q
                         net (fo=1, routed)           0.762     6.372    blink_counter_reg_n_0_[1]
    SLICE_X0Y36          CARRY4 (Prop_carry4_S[1]_CO[3])
                                                      0.674     7.046 r  blink_counter_reg[0]_i_1/CO[3]
                         net (fo=1, routed)           0.000     7.046    blink_counter_reg[0]_i_1_n_0
    SLICE_X0Y37          CARRY4 (Prop_carry4_CI_CO[3])
                                                      0.114     7.160 r  blink_counter_reg[4]_i_1/CO[3]
                         net (fo=1, routed)           0.000     7.160    blink_counter_reg[4]_i_1_n_0
    SLICE_X0Y38          CARRY4 (Prop_carry4_CI_CO[3])
                                                      0.114     7.274 r  blink_counter_reg[8]_i_1/CO[3]
                         net (fo=1, routed)           0.000     7.274    blink_counter_reg[8]_i_1_n_0
    SLICE_X0Y39          CARRY4 (Prop_carry4_CI_CO[3])
                                                      0.114     7.388 r  blink_counter_reg[12]_i_1/CO[3]
                         net (fo=1, routed)           0.000     7.388    blink_counter_reg[12]_i_1_n_0
    SLICE_X0Y40          CARRY4 (Prop_carry4_CI_CO[3])
                                                      0.114     7.502 r  blink_counter_reg[16]_i_1/CO[3]
                         net (fo=1, routed)           0.000     7.502    blink_counter_reg[16]_i_1_n_0
    SLICE_X0Y41          CARRY4 (Prop_carry4_CI_CO[3])
                                                      0.114     7.616 r  blink_counter_reg[20]_i_1/CO[3]
                         net (fo=1, routed)           0.000     7.616    blink_counter_reg[20]_i_1_n_0
    SLICE_X0Y42          CARRY4 (Prop_carry4_CI_O[1])
                                                      0.334     7.950 r  blink_counter_reg[24]_i_1/O[1]
                         net (fo=1, routed)           0.000     7.950    blink_counter_reg[24]_i_1_n_6
    SLICE_X0Y42          FDRE                                         r  blink_counter_reg[25]/D
  -------------------------------------------------------------------    -------------------

                         (clock sys_clk_pin rise edge)
                                                     10.000    10.000 r  
    W5                                                0.000    10.000 r  clk (IN)
                         net (fo=0)                   0.000    10.000    clk
    W5                   IBUF (Prop_ibuf_I_O)         1.388    11.388 r  clk_IBUF_inst/O
                         net (fo=1, routed)           1.862    13.250    clk_IBUF
    BUFGCTRL_X0Y0        BUFG (Prop_bufg_I_O)         0.091    13.341 r  clk_IBUF_BUFG_inst/O
                         net (fo=26, routed)          1.518    14.859    clk_IBUF_BUFG
    SLICE_X0Y42          FDRE                                         r  blink_counter_reg[25]/C
                         clock pessimism              0.274    15.133    
                         clock uncertainty           -0.035    15.098    
    SLICE_X0Y42          FDRE (Setup_fdre_C_D)        0.062    15.160    blink_counter_reg[25]
  -------------------------------------------------------------------
                         required time                         15.160    
                         arrival time                          -7.950    
  -------------------------------------------------------------------
                         slack                                  7.210    

Slack (MET) :             7.321ns  (required time - arrival time)
  Source:                 blink_counter_reg[1]/C
                            (rising edge-triggered cell FDRE clocked by sys_clk_pin  {rise@0.000ns fall@5.000ns period=10.000ns})
  Destination:            blink_counter_reg[24]/D
                            (rising edge-triggered cell FDRE clocked by sys_clk_pin  {rise@0.000ns fall@5.000ns period=10.000ns})
  Path Group:             sys_clk_pin
  Path Type:              Setup (Max at Slow Process Corner)
  Requirement:            10.000ns  (sys_clk_pin rise@10.000ns - sys_clk_pin rise@0.000ns)
  Data Path Delay:        2.685ns  (logic 1.923ns (71.624%)  route 0.762ns (28.376%))
  Logic Levels:           7  (CARRY4=7)
  Clock Path Skew:        -0.021ns (DCD - SCD + CPR)
    Destination Clock Delay (DCD):    4.859ns = ( 14.859 - 10.000 ) 
    Source Clock Delay      (SCD):    5.154ns
    Clock Pessimism Removal (CPR):    0.274ns
  Clock Uncertainty:      0.035ns  ((TSJ^2 + TIJ^2)^1/2 + DJ) / 2 + PE
    Total System Jitter     (TSJ):    0.071ns
    Total Input Jitter      (TIJ):    0.000ns
    Discrete Jitter          (DJ):    0.000ns
    Phase Error              (PE):    0.000ns

    Location             Delay type                Incr(ns)  Path(ns)    Netlist Resource(s)
  -------------------------------------------------------------------    -------------------
                         (clock sys_clk_pin rise edge)
                                                      0.000     0.000 r  
    W5                                                0.000     0.000 r  clk (IN)
                         net (fo=0)                   0.000     0.000    clk
    W5                   IBUF (Prop_ibuf_I_O)         1.458     1.458 r  clk_IBUF_inst/O
                         net (fo=1, routed)           1.967     3.425    clk_IBUF
    BUFGCTRL_X0Y0        BUFG (Prop_bufg_I_O)         0.096     3.521 r  clk_IBUF_BUFG_inst/O
                         net (fo=26, routed)          1.633     5.154    clk_IBUF_BUFG
    SLICE_X0Y36          FDRE                                         r  blink_counter_reg[1]/C
  -------------------------------------------------------------------    -------------------
    SLICE_X0Y36          FDRE (Prop_fdre_C_Q)         0.456     5.610 r  blink_counter_reg[1]/Q
                         net (fo=1, routed)           0.762     6.372    blink_counter_reg_n_0_[1]
    SLICE_X0Y36          CARRY4 (Prop_carry4_S[1]_CO[3])
                                                      0.674     7.046 r  blink_counter_reg[0]_i_1/CO[3]
                         net (fo=1, routed)           0.000     7.046    blink_counter_reg[0]_i_1_n_0
    SLICE_X0Y37          CARRY4 (Prop_carry4_CI_CO[3])
                                                      0.114     7.160 r  blink_counter_reg[4]_i_1/CO[3]
                         net (fo=1, routed)           0.000     7.160    blink_counter_reg[4]_i_1_n_0
    SLICE_X0Y38          CARRY4 (Prop_carry4_CI_CO[3])
                                                      0.114     7.274 r  blink_counter_reg[8]_i_1/CO[3]
                         net (fo=1, routed)           0.000     7.274    blink_counter_reg[8]_i_1_n_0
    SLICE_X0Y39          CARRY4 (Prop_carry4_CI_CO[3])
                                                      0.114     7.388 r  blink_counter_reg[12]_i_1/CO[3]
                         net (fo=1, routed)           0.000     7.388    blink_counter_reg[12]_i_1_n_0
    SLICE_X0Y40          CARRY4 (Prop_carry4_CI_CO[3])
                                                      0.114     7.502 r  blink_counter_reg[16]_i_1/CO[3]
                         net (fo=1, routed)           0.000     7.502    blink_counter_reg[16]_i_1_n_0
    SLICE_X0Y41          CARRY4 (Prop_carry4_CI_CO[3])
                                                      0.114     7.616 r  blink_counter_reg[20]_i_1/CO[3]
                         net (fo=1, routed)           0.000     7.616    blink_counter_reg[20]_i_1_n_0
    SLICE_X0Y42          CARRY4 (Prop_carry4_CI_O[0])
                                                      0.223     7.839 r  blink_counter_reg[24]_i_1/O[0]
                         net (fo=1, routed)           0.000     7.839    blink_counter_reg[24]_i_1_n_7
    SLICE_X0Y42          FDRE                                         r  blink_counter_reg[24]/D
  -------------------------------------------------------------------    -------------------

                         (clock sys_clk_pin rise edge)
                                                     10.000    10.000 r  
    W5                                                0.000    10.000 r  clk (IN)
                         net (fo=0)                   0.000    10.000    clk
    W5                   IBUF (Prop_ibuf_I_O)         1.388    11.388 r  clk_IBUF_inst/O
                         net (fo=1, routed)           1.862    13.250    clk_IBUF
    BUFGCTRL_X0Y0        BUFG (Prop_bufg_I_O)         0.091    13.341 r  clk_IBUF_BUFG_inst/O
                         net (fo=26, routed)          1.518    14.859    clk_IBUF_BUFG
    SLICE_X0Y42          FDRE                                         r  blink_counter_reg[24]/C
                         clock pessimism              0.274    15.133    
                         clock uncertainty           -0.035    15.098    
    SLICE_X0Y42          FDRE (Setup_fdre_C_D)        0.062    15.160    blink_counter_reg[24]
  -------------------------------------------------------------------
                         required time                         15.160    
                         arrival time                          -7.839    
  -------------------------------------------------------------------
                         slack                                  7.321    





Min Delay Paths
--------------------------------------------------------------------------------------
Slack (MET) :             0.324ns  (arrival time - required time)
  Source:                 blink_counter_reg[0]/C
                            (rising edge-triggered cell FDRE clocked by sys_clk_pin  {rise@0.000ns fall@5.000ns period=10.000ns})
  Destination:            blink_counter_reg[0]/D
                            (rising edge-triggered cell FDRE clocked by sys_clk_pin  {rise@0.000ns fall@5.000ns period=10.000ns})
  Path Group:             sys_clk_pin
  Path Type:              Hold (Min at Fast Process Corner)
  Requirement:            0.000ns  (sys_clk_pin rise@0.000ns - sys_clk_pin rise@0.000ns)
  Data Path Delay:        0.429ns  (logic 0.256ns (59.730%)  route 0.173ns (40.270%))
  Logic Levels:           2  (CARRY4=1 LUT1=1)
  Clock Path Skew:        0.000ns (DCD - SCD - CPR)
    Destination Clock Delay (DCD):    1.988ns
    Source Clock Delay      (SCD):    1.474ns
    Clock Pessimism Removal (CPR):    0.514ns

    Location             Delay type                Incr(ns)  Path(ns)    Netlist Resource(s)
  -------------------------------------------------------------------    -------------------
                         (clock sys_clk_pin rise edge)
                                                      0.000     0.000 r  
    W5                                                0.000     0.000 r  clk (IN)
                         net (fo=0)                   0.000     0.000    clk
    W5                   IBUF (Prop_ibuf_I_O)         0.226     0.226 r  clk_IBUF_inst/O
                         net (fo=1, routed)           0.631     0.858    clk_IBUF
    BUFGCTRL_X0Y0        BUFG (Prop_bufg_I_O)         0.026     0.884 r  clk_IBUF_BUFG_inst/O
                         net (fo=26, routed)          0.591     1.474    clk_IBUF_BUFG
    SLICE_X0Y36          FDRE                                         r  blink_counter_reg[0]/C
  -------------------------------------------------------------------    -------------------
    SLICE_X0Y36          FDRE (Prop_fdre_C_Q)         0.141     1.615 f  blink_counter_reg[0]/Q
                         net (fo=1, routed)           0.173     1.788    blink_counter_reg_n_0_[0]
    SLICE_X0Y36          LUT1 (Prop_lut1_I0_O)        0.045     1.833 r  blink_counter[0]_i_2/O
                         net (fo=1, routed)           0.000     1.833    blink_counter[0]_i_2_n_0
    SLICE_X0Y36          CARRY4 (Prop_carry4_S[0]_O[0])
                                                      0.070     1.903 r  blink_counter_reg[0]_i_1/O[0]
                         net (fo=1, routed)           0.000     1.903    blink_counter_reg[0]_i_1_n_7
    SLICE_X0Y36          FDRE                                         r  blink_counter_reg[0]/D
  -------------------------------------------------------------------    -------------------

                         (clock sys_clk_pin rise edge)
                                                      0.000     0.000 r  
    W5                                                0.000     0.000 r  clk (IN)
                         net (fo=0)                   0.000     0.000    clk
    W5                   IBUF (Prop_ibuf_I_O)         0.414     0.414 r  clk_IBUF_inst/O
                         net (fo=1, routed)           0.685     1.099    clk_IBUF
    BUFGCTRL_X0Y0        BUFG (Prop_bufg_I_O)         0.029     1.128 r  clk_IBUF_BUFG_inst/O
                         net (fo=26, routed)          0.861     1.988    clk_IBUF_BUFG
    SLICE_X0Y36          FDRE                                         r  blink_counter_reg[0]/C
                         clock pessimism             -0.514     1.474    
    SLICE_X0Y36          FDRE (Hold_fdre_C_D)         0.105     1.579    blink_counter_reg[0]
  -------------------------------------------------------------------
                         required time                         -1.579    
                         arrival time                           1.903    
  -------------------------------------------------------------------
                         slack                                  0.324    

Slack (MET) :             0.327ns  (arrival time - required time)
  Source:                 blink_counter_reg[4]/C
                            (rising edge-triggered cell FDRE clocked by sys_clk_pin  {rise@0.000ns fall@5.000ns period=10.000ns})
  Destination:            blink_counter_reg[4]/D
                            (rising edge-triggered cell FDRE clocked by sys_clk_pin  {rise@0.000ns fall@5.000ns period=10.000ns})
  Path Group:             sys_clk_pin
  Path Type:              Hold (Min at Fast Process Corner)
  Requirement:            0.000ns  (sys_clk_pin rise@0.000ns - sys_clk_pin rise@0.000ns)
  Data Path Delay:        0.432ns  (logic 0.256ns (59.199%)  route 0.176ns (40.801%))
  Logic Levels:           1  (CARRY4=1)
  Clock Path Skew:        0.000ns (DCD - SCD - CPR)
    Destination Clock Delay (DCD):    1.989ns
    Source Clock Delay      (SCD):    1.475ns
    Clock Pessimism Removal (CPR):    0.514ns

    Location             Delay type                Incr(ns)  Path(ns)    Netlist Resource(s)
  -------------------------------------------------------------------    -------------------
                         (clock sys_clk_pin rise edge)
                                                      0.000     0.000 r  
    W5                                                0.000     0.000 r  clk (IN)
                         net (fo=0)                   0.000     0.000    clk
    W5                   IBUF (Prop_ibuf_I_O)         0.226     0.226 r  clk_IBUF_inst/O
                         net (fo=1, routed)           0.631     0.858    clk_IBUF
    BUFGCTRL_X0Y0        BUFG (Prop_bufg_I_O)         0.026     0.884 r  clk_IBUF_BUFG_inst/O
                         net (fo=26, routed)          0.592     1.475    clk_IBUF_BUFG
    SLICE_X0Y37          FDRE                                         r  blink_counter_reg[4]/C
  -------------------------------------------------------------------    -------------------
    SLICE_X0Y37          FDRE (Prop_fdre_C_Q)         0.141     1.616 r  blink_counter_reg[4]/Q
                         net (fo=1, routed)           0.176     1.793    blink_counter_reg_n_0_[4]
    SLICE_X0Y37          CARRY4 (Prop_carry4_S[0]_O[0])
                                                      0.115     1.908 r  blink_counter_reg[4]_i_1/O[0]
                         net (fo=1, routed)           0.000     1.908    blink_counter_reg[4]_i_1_n_7
    SLICE_X0Y37          FDRE                                         r  blink_counter_reg[4]/D
  -------------------------------------------------------------------    -------------------

                         (clock sys_clk_pin rise edge)
                                                      0.000     0.000 r  
    W5                                                0.000     0.000 r  clk (IN)
                         net (fo=0)                   0.000     0.000    clk
    W5                   IBUF (Prop_ibuf_I_O)         0.414     0.414 r  clk_IBUF_inst/O
                         net (fo=1, routed)           0.685     1.099    clk_IBUF
    BUFGCTRL_X0Y0        BUFG (Prop_bufg_I_O)         0.029     1.128 r  clk_IBUF_BUFG_inst/O
                         net (fo=26, routed)          0.862     1.989    clk_IBUF_BUFG
    SLICE_X0Y37          FDRE                                         r  blink_counter_reg[4]/C
                         clock pessimism             -0.514     1.475    
    SLICE_X0Y37          FDRE (Hold_fdre_C_D)         0.105     1.580    blink_counter_reg[4]
  -------------------------------------------------------------------
                         required time                         -1.580    
                         arrival time                           1.908    
  -------------------------------------------------------------------
                         slack                                  0.327    





Pulse Width Checks
--------------------------------------------------------------------------------------
Clock Name:         sys_clk_pin
Waveform(ns):       { 0.000 5.000 }
Period(ns):         10.000
Sources:            { clk }

Check Type        Corner  Lib Pin  Reference Pin  Required(ns)  Actual(ns)  Slack(ns)  Location       Pin
Min Period        n/a     BUFG/I   n/a            2.155         10.000      7.845      BUFGCTRL_X0Y0  clk_IBUF_BUFG_inst/I
Min Period        n/a     FDRE/C   n/a            1.000         10.000      9.000      SLICE_X0Y36    blink_counter_reg[0]/C
Low Pulse Width   Slow    FDRE/C   n/a            0.500         5.000       4.500      SLICE_X0Y36    blink_counter_reg[0]/C
Low Pulse Width   Fast    FDRE/C   n/a            0.500         5.000       4.500      SLICE_X0Y36    blink_counter_reg[0]/C
High Pulse Width  Slow    FDRE/C   n/a            0.500         5.000       4.500      SLICE_X0Y36    blink_counter_reg[0]/C
High Pulse Width  Fast    FDRE/C   n/a            0.500         5.000       4.500      SLICE_X0Y36    blink_counter_reg[0]/C



--------------------------------------------------------------------------------------
Path Group:  (none)
From Clock:  
  To Clock:  

Max Delay             1 Endpoint
Min Delay             1 Endpoint
--------------------------------------------------------------------------------------


Max Delay Paths
--------------------------------------------------------------------------------------
Slack:                    inf
  Source:                 btnc
                            (input port)
  Destination:            led[2]
                            (output port)
  Path Group:             (none)
  Path Type:              Max at Slow Process Corner
  Data Path Delay:        7.070ns  (logic 4.942ns (69.909%)  route 2.127ns (30.091%))
  Logic Levels:           2  (IBUF=1 OBUF=1)

    Location             Delay type                Incr(ns)  Path(ns)    Netlist Resource(s)
  -------------------------------------------------------------------    -------------------
    U18                                               0.000     0.000 r  btnc (IN)
                         net (fo=0)                   0.000     0.000    btnc
    U18                  IBUF (Prop_ibuf_I_O)         1.441     1.441 r  btnc_IBUF_inst/O
                         net (fo=1, routed)           2.127     3.569    led_OBUF[2]
    U19                  OBUF (Prop_obuf_I_O)         3.501     7.070 r  led_OBUF[2]_inst/O
                         net (fo=0)                   0.000     7.070    led[2]
    U19                                                               r  led[2] (OUT)
  -------------------------------------------------------------------    -------------------





Min Delay Paths
--------------------------------------------------------------------------------------
Slack:                    inf
  Source:                 btnc
                            (input port)
  Destination:            led[2]
                            (output port)
  Path Group:             (none)
  Path Type:              Min at Fast Process Corner
  Data Path Delay:        1.858ns  (logic 1.412ns (75.981%)  route 0.446ns (24.019%))
  Logic Levels:           2  (IBUF=1 OBUF=1)

    Location             Delay type                Incr(ns)  Path(ns)    Netlist Resource(s)
  -------------------------------------------------------------------    -------------------
    U18                                               0.000     0.000 r  btnc (IN)
                         net (fo=0)                   0.000     0.000    btnc
    U18                  IBUF (Prop_ibuf_I_O)         0.210     0.210 r  btnc_IBUF_inst/O
                         net (fo=1, routed)           0.446     0.656    led_OBUF[2]
    U19                  OBUF (Prop_obuf_I_O)         1.202     1.858 r  led_OBUF[2]_inst/O
                         net (fo=0)                   0.000     1.858    led[2]
    U19                                                               r  led[2] (OUT)
  -------------------------------------------------------------------    -------------------





--------------------------------------------------------------------------------------
Path Group:  (none)
From Clock:  sys_clk_pin
  To Clock:  

Max Delay             1 Endpoint
Min Delay             1 Endpoint
--------------------------------------------------------------------------------------


Max Delay Paths
--------------------------------------------------------------------------------------
Slack:                    inf
  Source:                 blink_counter_reg[25]/C
                            (rising edge-triggered cell FDRE clocked by sys_clk_pin  {rise@0.000ns fall@5.000ns period=10.000ns})
  Destination:            led[1]
                            (output port)
  Path Group:             (none)
  Path Type:              Max at Slow Process Corner
  Data Path Delay:        5.830ns  (logic 3.986ns (68.365%)  route 1.844ns (31.635%))
  Logic Levels:           1  (OBUF=1)
  Clock Uncertainty:      0.025ns  ((TSJ^2 + TIJ^2)^1/2 + DJ) / 2 + PE
    Total System Jitter     (TSJ):    0.050ns
    Total Input Jitter      (TIJ):    0.000ns
    Discrete Jitter          (DJ):    0.000ns
    Phase Error              (PE):    0.000ns

    Location             Delay type                Incr(ns)  Path(ns)    Netlist Resource(s)
  -------------------------------------------------------------------    -------------------
                         (clock sys_clk_pin rise edge)
                                                      0.000     0.000 r  
    W5                                                0.000     0.000 r  clk (IN)
                         net (fo=0)                   0.000     0.000    clk
    W5                   IBUF (Prop_ibuf_I_O)         1.458     1.458 r  clk_IBUF_inst/O
                         net (fo=1, routed)           1.967     3.425    clk_IBUF
    BUFGCTRL_X0Y0        BUFG (Prop_bufg_I_O)         0.096     3.521 r  clk_IBUF_BUFG_inst/O
                         net (fo=26, routed)          1.637     5.158    clk_IBUF_BUFG
    SLICE_X0Y42          FDRE                                         r  blink_counter_reg[25]/C
  -------------------------------------------------------------------    -------------------
    SLICE_X0Y42          FDRE (Prop_fdre_C_Q)         0.456     5.614 r  blink_counter_reg[25]/Q
                         net (fo=2, routed)           1.844     7.459    led_OBUF[1]
    E19                  OBUF (Prop_obuf_I_O)         3.530    10.988 r  led_OBUF[1]_inst/O
                         net (fo=0)                   0.000    10.988    led[1]
    E19                                                               r  led[1] (OUT)
  -------------------------------------------------------------------    -------------------





Min Delay Paths
--------------------------------------------------------------------------------------
Slack:                    inf
  Source:                 blink_counter_reg[25]/C
                            (rising edge-triggered cell FDRE clocked by sys_clk_pin  {rise@0.000ns fall@5.000ns period=10.000ns})
  Destination:            led[1]
                            (output port)
  Path Group:             (none)
  Path Type:              Min at Fast Process Corner
  Data Path Delay:        1.777ns  (logic 1.372ns (77.188%)  route 0.405ns (22.812%))
  Logic Levels:           1  (OBUF=1)
  Clock Uncertainty:      0.025ns  ((TSJ^2 + TIJ^2)^1/2 + DJ) / 2 + PE
    Total System Jitter     (TSJ):    0.050ns
    Total Input Jitter      (TIJ):    0.000ns
    Discrete Jitter          (DJ):    0.000ns
    Phase Error              (PE):    0.000ns

    Location             Delay type                Incr(ns)  Path(ns)    Netlist Resource(s)
  -------------------------------------------------------------------    -------------------
                         (clock sys_clk_pin rise edge)
                                                      0.000     0.000 r  
    W5                                                0.000     0.000 r  clk (IN)
                         net (fo=0)                   0.000     0.000    clk
    W5                   IBUF (Prop_ibuf_I_O)         0.226     0.226 r  clk_IBUF_inst/O
                         net (fo=1, routed)           0.631     0.858    clk_IBUF
    BUFGCTRL_X0Y0        BUFG (Prop_bufg_I_O)         0.026     0.884 r  clk_IBUF_BUFG_inst/O
                         net (fo=26, routed)          0.594     1.477    clk_IBUF_BUFG
    SLICE_X0Y42          FDRE                                         r  blink_counter_reg[25]/C
  -------------------------------------------------------------------    -------------------
    SLICE_X0Y42          FDRE (Prop_fdre_C_Q)         0.141     1.618 r  blink_counter_reg[25]/Q
                         net (fo=2, routed)           0.405     2.023    led_OBUF[1]
    E19                  OBUF (Prop_obuf_I_O)         1.231     3.254 r  led_OBUF[1]_inst/O
                         net (fo=0)                   0.000     3.254    led[1]
    E19                                                               r  led[1] (OUT)
  -------------------------------------------------------------------    -------------------





